{
  "RSpec": {
    "coverage": {
      "/Users/danielstephenson/Projects/skills-workshops/week-4/browser-quiz/spec/features/quiz_spec.rb": [
        1,
        null,
        1,
        1,
        1,
        null,
        1,
        1,
        1,
        null,
        null,
        null
      ],
      "/Users/danielstephenson/Projects/skills-workshops/week-4/browser-quiz/spec/index_spec.rb": [
        1,
        null,
        1,
        1,
        1,
        1,
        null,
        null,
        null,
        1,
        1,
        1,
        null,
        1,
        1,
        null,
        null,
        null
      ]
    },
    "timestamp": 1538125531
  }
}
